  Agent.cpp
c:\users\arnau\desktop\tecniquesia\sdl_decisions\src\agent.h(49): error C2143: syntax error: missing ';' before '*'
c:\users\arnau\desktop\tecniquesia\sdl_decisions\src\agent.h(49): error C4430: missing type specifier - int assumed. Note: C++ does not support default-int
c:\users\arnau\desktop\tecniquesia\sdl_decisions\src\agent.h(49): error C2238: unexpected token(s) preceding ';'
c:\users\arnau\desktop\tecniquesia\sdl_decisions\src\agent.h(93): error C2061: syntax error: identifier 'SceneDecisions'
c:\users\arnau\desktop\tecniquesia\sdl_decisions\src\agent.h(100): error C2061: syntax error: identifier 'Grid'
c:\users\arnau\desktop\tecniquesia\sdl_decisions\src\agent.h(101): error C2143: syntax error: missing ';' before '*'
c:\users\arnau\desktop\tecniquesia\sdl_decisions\src\agent.h(101): error C4430: missing type specifier - int assumed. Note: C++ does not support default-int
c:\users\arnau\desktop\tecniquesia\sdl_decisions\src\agent.h(101): error C2238: unexpected token(s) preceding ';'
c:\users\arnau\desktop\tecniquesia\sdl_decisions\src\agent.cpp(57): error C2061: syntax error: identifier 'SensorySystem'
c:\users\arnau\desktop\tecniquesia\sdl_decisions\src\agent.cpp(57): error C2612: trailing ')' illegal in base/member initializer list
c:\users\arnau\desktop\tecniquesia\sdl_decisions\src\agent.cpp(592): fatal error C1004: unexpected end-of-file found
  FSMState.cpp
c:\users\arnau\desktop\tecniquesia\sdl_decisions\src\agent.h(49): error C2143: syntax error: missing ';' before '*'
c:\users\arnau\desktop\tecniquesia\sdl_decisions\src\agent.h(49): error C4430: missing type specifier - int assumed. Note: C++ does not support default-int
c:\users\arnau\desktop\tecniquesia\sdl_decisions\src\agent.h(49): error C2238: unexpected token(s) preceding ';'
c:\users\arnau\desktop\tecniquesia\sdl_decisions\src\agent.h(93): error C2061: syntax error: identifier 'SceneDecisions'
c:\users\arnau\desktop\tecniquesia\sdl_decisions\src\agent.h(100): error C2061: syntax error: identifier 'Grid'
c:\users\arnau\desktop\tecniquesia\sdl_decisions\src\agent.h(101): error C2143: syntax error: missing ';' before '*'
c:\users\arnau\desktop\tecniquesia\sdl_decisions\src\agent.h(101): error C4430: missing type specifier - int assumed. Note: C++ does not support default-int
c:\users\arnau\desktop\tecniquesia\sdl_decisions\src\agent.h(101): error C2238: unexpected token(s) preceding ';'
c:\users\arnau\desktop\tecniquesia\sdl_decisions\src\fsmstate.cpp(8): error C3867: 'Vector2D::Length': non-standard syntax; use '&' to create a pointer to member
c:\users\arnau\desktop\tecniquesia\sdl_decisions\src\fsmstate.cpp(8): error C2446: '<': no conversion from 'int' to 'float (__thiscall Vector2D::* )(void) const'
  c:\users\arnau\desktop\tecniquesia\sdl_decisions\src\fsmstate.cpp(8): note: There are no conversions from integral values to pointer-to-member values
c:\users\arnau\desktop\tecniquesia\sdl_decisions\src\fsmstate.cpp(30): error C2065: 'SceneDecisions': undeclared identifier
c:\users\arnau\desktop\tecniquesia\sdl_decisions\src\fsmstate.cpp(30): error C2065: 'scene': undeclared identifier
c:\users\arnau\desktop\tecniquesia\sdl_decisions\src\fsmstate.cpp(30): error C2039: 'sensors': is not a member of 'Agent'
  c:\users\arnau\desktop\tecniquesia\sdl_decisions\src\fsmstate.h(7): note: see declaration of 'Agent'
c:\users\arnau\desktop\tecniquesia\sdl_decisions\src\fsmstate.cpp(31): error C3867: 'Vector2D::Length': non-standard syntax; use '&' to create a pointer to member
c:\users\arnau\desktop\tecniquesia\sdl_decisions\src\fsmstate.cpp(31): error C2446: '<': no conversion from 'int' to 'float (__thiscall Vector2D::* )(void) const'
  c:\users\arnau\desktop\tecniquesia\sdl_decisions\src\fsmstate.cpp(31): note: There are no conversions from integral values to pointer-to-member values
c:\users\arnau\desktop\tecniquesia\sdl_decisions\src\fsmstate.cpp(45): warning C4018: '<': signed/unsigned mismatch
c:\users\arnau\desktop\tecniquesia\sdl_decisions\src\fsmstate.cpp(46): error C2039: 'getGrid': is not a member of 'Agent'
  c:\users\arnau\desktop\tecniquesia\sdl_decisions\src\fsmstate.h(7): note: see declaration of 'Agent'
c:\users\arnau\desktop\tecniquesia\sdl_decisions\src\fsmstate.cpp(64): error C3867: 'Vector2D::Length': non-standard syntax; use '&' to create a pointer to member
c:\users\arnau\desktop\tecniquesia\sdl_decisions\src\fsmstate.cpp(64): error C2446: '<': no conversion from 'int' to 'float (__thiscall Vector2D::* )(void) const'
  c:\users\arnau\desktop\tecniquesia\sdl_decisions\src\fsmstate.cpp(64): note: There are no conversions from integral values to pointer-to-member values
  Grid.cpp
c:\users\arnau\desktop\tecniquesia\sdl_decisions\src\agent.h(49): error C2143: syntax error: missing ';' before '*'
c:\users\arnau\desktop\tecniquesia\sdl_decisions\src\agent.h(49): error C4430: missing type specifier - int assumed. Note: C++ does not support default-int
c:\users\arnau\desktop\tecniquesia\sdl_decisions\src\agent.h(49): error C2238: unexpected token(s) preceding ';'
c:\users\arnau\desktop\tecniquesia\sdl_decisions\src\agent.h(93): error C2061: syntax error: identifier 'SceneDecisions'
c:\users\arnau\desktop\tecniquesia\sdl_decisions\src\agent.h(100): error C2061: syntax error: identifier 'Grid'
c:\users\arnau\desktop\tecniquesia\sdl_decisions\src\agent.h(101): error C2143: syntax error: missing ';' before '*'
c:\users\arnau\desktop\tecniquesia\sdl_decisions\src\agent.h(101): error C4430: missing type specifier - int assumed. Note: C++ does not support default-int
c:\users\arnau\desktop\tecniquesia\sdl_decisions\src\agent.h(101): error C2238: unexpected token(s) preceding ';'
  main.cpp
c:\users\arnau\desktop\tecniquesia\sdl_decisions\src\main.cpp : fatal error C1041: cannot open program database 'C:\Users\Arnau\Desktop\TecniquesIA\SDL_Decisions\SDL_Decisions\SDL_Decisions\Debug\vc141.pdb'; if multiple CL.EXE write to the same .PDB file, please use /FS
  PathFollowing.cpp
c:\users\arnau\desktop\tecniquesia\sdl_decisions\src\agent.h(49): error C2143: syntax error: missing ';' before '*'
c:\users\arnau\desktop\tecniquesia\sdl_decisions\src\agent.h(49): error C4430: missing type specifier - int assumed. Note: C++ does not support default-int
c:\users\arnau\desktop\tecniquesia\sdl_decisions\src\agent.h(49): error C2238: unexpected token(s) preceding ';'
c:\users\arnau\desktop\tecniquesia\sdl_decisions\src\agent.h(93): error C2061: syntax error: identifier 'SceneDecisions'
c:\users\arnau\desktop\tecniquesia\sdl_decisions\src\agent.h(100): error C2061: syntax error: identifier 'Grid'
c:\users\arnau\desktop\tecniquesia\sdl_decisions\src\agent.h(101): error C2143: syntax error: missing ';' before '*'
c:\users\arnau\desktop\tecniquesia\sdl_decisions\src\agent.h(101): error C4430: missing type specifier - int assumed. Note: C++ does not support default-int
c:\users\arnau\desktop\tecniquesia\sdl_decisions\src\agent.h(101): error C2238: unexpected token(s) preceding ';'
  SceneDecisions.cpp
c:\users\arnau\desktop\tecniquesia\sdl_decisions\src\agent.h(49): error C2143: syntax error: missing ';' before '*'
c:\users\arnau\desktop\tecniquesia\sdl_decisions\src\agent.h(49): error C4430: missing type specifier - int assumed. Note: C++ does not support default-int
c:\users\arnau\desktop\tecniquesia\sdl_decisions\src\agent.h(49): error C2238: unexpected token(s) preceding ';'
c:\users\arnau\desktop\tecniquesia\sdl_decisions\src\agent.h(93): error C2061: syntax error: identifier 'SceneDecisions'
c:\users\arnau\desktop\tecniquesia\sdl_decisions\src\agent.h(100): error C2061: syntax error: identifier 'Grid'
c:\users\arnau\desktop\tecniquesia\sdl_decisions\src\agent.h(101): error C2143: syntax error: missing ';' before '*'
c:\users\arnau\desktop\tecniquesia\sdl_decisions\src\agent.h(101): error C4430: missing type specifier - int assumed. Note: C++ does not support default-int
c:\users\arnau\desktop\tecniquesia\sdl_decisions\src\agent.h(101): error C2238: unexpected token(s) preceding ';'
c:\users\arnau\desktop\tecniquesia\sdl_decisions\src\fsm_wander.h(10): error C2555: 'FSM_Wander::Update': overriding virtual function return type differs and is not covariant from 'FSMState::Update'
  c:\users\arnau\desktop\tecniquesia\sdl_decisions\src\fsmstate.h(13): note: see declaration of 'FSMState::Update'
c:\users\arnau\desktop\tecniquesia\sdl_decisions\src\scenedecisions.cpp(18): error C2660: 'Agent::setScene': function does not take 1 arguments
  c:\users\arnau\desktop\tecniquesia\sdl_decisions\src\agent.h(93): note: see declaration of 'Agent::setScene'
c:\users\arnau\desktop\tecniquesia\sdl_decisions\src\scenedecisions.cpp(25): error C2660: 'Agent::setScene': function does not take 1 arguments
  c:\users\arnau\desktop\tecniquesia\sdl_decisions\src\agent.h(93): note: see declaration of 'Agent::setScene'
  Seek.cpp
c:\users\arnau\desktop\tecniquesia\sdl_decisions\src\agent.h(49): error C2143: syntax error: missing ';' before '*'
c:\users\arnau\desktop\tecniquesia\sdl_decisions\src\agent.h(49): error C4430: missing type specifier - int assumed. Note: C++ does not support default-int
c:\users\arnau\desktop\tecniquesia\sdl_decisions\src\agent.h(49): error C2238: unexpected token(s) preceding ';'
c:\users\arnau\desktop\tecniquesia\sdl_decisions\src\agent.h(93): error C2061: syntax error: identifier 'SceneDecisions'
c:\users\arnau\desktop\tecniquesia\sdl_decisions\src\agent.h(100): error C2061: syntax error: identifier 'Grid'
c:\users\arnau\desktop\tecniquesia\sdl_decisions\src\agent.h(101): error C2143: syntax error: missing ';' before '*'
c:\users\arnau\desktop\tecniquesia\sdl_decisions\src\agent.h(101): error C4430: missing type specifier - int assumed. Note: C++ does not support default-int
c:\users\arnau\desktop\tecniquesia\sdl_decisions\src\agent.h(101): error C2238: unexpected token(s) preceding ';'
  Generating Code...
